\BOOKMARK [0][-]{chapter.1}{Generalit\340}{}% 1
\BOOKMARK [1][-]{section.1.1}{Il Committente}{chapter.1}% 2
\BOOKMARK [1][-]{section.1.2}{Situazione attuale}{chapter.1}% 3
\BOOKMARK [2][-]{subsection.1.2.1}{Aspetti rilevanti del sito}{section.1.2}% 4
\BOOKMARK [2][-]{subsection.1.2.2}{Principali pregi}{section.1.2}% 5
\BOOKMARK [2][-]{subsection.1.2.3}{Principali difetti}{section.1.2}% 6
\BOOKMARK [1][-]{section.1.3}{Obiettivi generali del nuovo sito}{chapter.1}% 7
\BOOKMARK [1][-]{section.1.4}{Utenti}{chapter.1}% 8
\BOOKMARK [2][-]{subsection.1.4.1}{Profilo degli utenti}{section.1.4}% 9
\BOOKMARK [1][-]{section.1.5}{Scenari d'uso}{chapter.1}% 10
\BOOKMARK [1][-]{section.1.6}{Posizionamento competitivo}{chapter.1}% 11
\BOOKMARK [0][-]{chapter.2}{Requisiti del sito}{}% 12
\BOOKMARK [1][-]{section.2.1}{Requisiti di architettura}{chapter.2}% 13
\BOOKMARK [1][-]{section.2.2}{Requisiti di comunicazione}{chapter.2}% 14
\BOOKMARK [1][-]{section.2.3}{Requisiti funzionali}{chapter.2}% 15
\BOOKMARK [2][-]{subsection.2.3.1}{Casi d'uso}{section.2.3}% 16
\BOOKMARK [2][-]{subsection.2.3.2}{Base di dati}{section.2.3}% 17
\BOOKMARK [2][-]{subsection.2.3.3}{Sicurezza e privacy}{section.2.3}% 18
\BOOKMARK [1][-]{section.2.4}{Requisiti di contenuto}{chapter.2}% 19
\BOOKMARK [1][-]{section.2.5}{Requisiti di gestione}{chapter.2}% 20
\BOOKMARK [2][-]{subsection.2.5.1}{Infrastruttura per l'esercizio del sito}{section.2.5}% 21
\BOOKMARK [2][-]{subsection.2.5.2}{Gestione dei sistemi}{section.2.5}% 22
\BOOKMARK [2][-]{subsection.2.5.3}{Gestione del sito}{section.2.5}% 23
\BOOKMARK [2][-]{subsection.2.5.4}{Gestione dei contenuti}{section.2.5}% 24
\BOOKMARK [2][-]{subsection.2.5.5}{Getione degli utenti}{section.2.5}% 25
\BOOKMARK [1][-]{section.2.6}{Requisiti di accessibilit\340}{chapter.2}% 26
\BOOKMARK [2][-]{subsection.2.6.1}{Prestazioni}{section.2.6}% 27
\BOOKMARK [2][-]{subsection.2.6.2}{Reperibilit\340}{section.2.6}% 28
\BOOKMARK [2][-]{subsection.2.6.3}{Compatibilit\340 con i browser}{section.2.6}% 29
\BOOKMARK [2][-]{subsection.2.6.4}{Accessibilit\340 da parte di utenti disabili}{section.2.6}% 30
\BOOKMARK [1][-]{section.2.7}{Requisiti di usabilit\340}{chapter.2}% 31
\BOOKMARK [1][-]{section.2.8}{Glossario}{chapter.2}% 32
\BOOKMARK [0][-]{chapter.3}{Requisiti di gestione progetto}{}% 33
\BOOKMARK [1][-]{section.3.1}{Tempi e risorse}{chapter.3}% 34
\BOOKMARK [1][-]{section.3.2}{Gruppo di progetto}{chapter.3}% 35
\BOOKMARK [1][-]{section.3.3}{Responsabilit\340 del committente}{chapter.3}% 36
\BOOKMARK [1][-]{section.3.4}{Documentazione prevista}{chapter.3}% 37
\BOOKMARK [1][-]{section.3.5}{Verifiche e convalide}{chapter.3}% 38
\BOOKMARK [1][-]{section.3.6}{Consegna finale e pubblicazione del sito}{chapter.3}% 39
\BOOKMARK [1][-]{section.3.7}{Ambiente di sviluppo}{chapter.3}% 40
\BOOKMARK [1][-]{section.3.8}{Altri requisiti}{chapter.3}% 41
\BOOKMARK [1][-]{section.3.9}{Analisi dei rischi}{chapter.3}% 42
